<?xml version="1.0" encoding="UTF-8"?>
<!-- Generated by org.testng.reporters.JUnitXMLReporter -->
<testsuite ignored="0" hostname="sony-PC" failures="0" tests="3" name="Test1" time="48.911" errors="0" timestamp="08 Jun 2021 15:23:05 GMT">
  <testcase classname="pages.BBHomePageTest" name="signUp" time="0.646"/>
  <testcase classname="pages.BBHomePageTest" name="createNewPost" time="32.075"/>
  <testcase classname="pages.BBHomePageTest" name="deleteArticle" time="2.145"/>
</testsuite> <!-- Test1 -->
