<?xml version="1.0" encoding="UTF-8"?>
<testng-results ignored="0" total="2" passed="2" failed="0" skipped="0">
  <reporter-output>
  </reporter-output>
  <suite started-at="2021-06-06T18:39:29Z" name="Tests" finished-at="2021-06-06T18:39:38Z" duration-ms="8970">
    <groups>
    </groups>
    <test started-at="2021-06-06T18:39:29Z" name="Test1" finished-at="2021-06-06T18:39:38Z" duration-ms="8970">
      <class name="pages.HomePageTest">
        <test-method is-config="true" signature="init()[pri:0, instance:pages.HomePageTest@527e5409]" started-at="2021-06-07T00:09:29Z" name="init" finished-at="2021-06-07T00:09:38Z" duration-ms="8317" status="PASS">
          <reporter-output>
          </reporter-output>
        </test-method> <!-- init -->
        <test-method signature="signUp()[pri:0, instance:pages.HomePageTest@527e5409]" started-at="2021-06-07T00:09:38Z" name="signUp" finished-at="2021-06-07T00:09:38Z" duration-ms="605" status="PASS">
          <reporter-output>
          </reporter-output>
        </test-method> <!-- signUp -->
        <test-method is-config="true" signature="setScreenshot(org.testng.ITestResult)[pri:0, instance:pages.HomePageTest@527e5409]" started-at="2021-06-07T00:09:38Z" name="setScreenshot" finished-at="2021-06-07T00:09:38Z" duration-ms="1" status="PASS">
          <params>
            <param index="0">
              <value>
                <![CDATA[[TestResult name=signUp status=SUCCESS method=HomePageTest.signUp()[pri:0, instance:pages.HomePageTest@527e5409] output={null}]]]>
              </value>
            </param>
          </params>
          <reporter-output>
          </reporter-output>
        </test-method> <!-- setScreenshot -->
        <test-method signature="testH1Existing()[pri:0, instance:pages.HomePageTest@527e5409]" started-at="2021-06-07T00:09:38Z" name="testH1Existing" finished-at="2021-06-07T00:09:38Z" duration-ms="9" status="PASS">
          <reporter-output>
          </reporter-output>
        </test-method> <!-- testH1Existing -->
        <test-method is-config="true" signature="setScreenshot(org.testng.ITestResult)[pri:0, instance:pages.HomePageTest@527e5409]" started-at="2021-06-07T00:09:38Z" name="setScreenshot" finished-at="2021-06-07T00:09:38Z" duration-ms="0" status="PASS">
          <params>
            <param index="0">
              <value>
                <![CDATA[[TestResult name=testH1Existing status=SUCCESS method=HomePageTest.testH1Existing()[pri:0, instance:pages.HomePageTest@527e5409] output={null}]]]>
              </value>
            </param>
          </params>
          <reporter-output>
          </reporter-output>
        </test-method> <!-- setScreenshot -->
        <test-method is-config="true" signature="tearDown()[pri:0, instance:pages.HomePageTest@527e5409]" started-at="2021-06-07T00:09:38Z" name="tearDown" finished-at="2021-06-07T00:09:40Z" duration-ms="1645" status="PASS">
          <reporter-output>
          </reporter-output>
        </test-method> <!-- tearDown -->
      </class> <!-- pages.HomePageTest -->
    </test> <!-- Test1 -->
  </suite> <!-- Tests -->
</testng-results>
